[24-Jan-2026 04:25:10 UTC] NME Application plugin deactivated
[24-Jan-2026 04:25:10 UTC] NME Residence & TOC Handler plugin deactivated
[24-Jan-2026 04:25:20 UTC] PHP Deprecated:  Function wp_targeted_link_rel is <strong>deprecated</strong> since version 6.7.0 with no alternative available. in /home/customer/www/naturalization199.com/public_html/wp-includes/functions.php on line 6131
[24-Jan-2026 04:25:20 UTC] PHP Deprecated:  Function wp_targeted_link_rel_callback is <strong>deprecated</strong> since version 6.7.0 with no alternative available. in /home/customer/www/naturalization199.com/public_html/wp-includes/functions.php on line 6131
[24-Jan-2026 04:25:20 UTC] PHP Deprecated:  Function wp_targeted_link_rel is <strong>deprecated</strong> since version 6.7.0 with no alternative available. in /home/customer/www/naturalization199.com/public_html/wp-includes/functions.php on line 6131
[24-Jan-2026 04:25:20 UTC] PHP Deprecated:  Function wp_targeted_link_rel_callback is <strong>deprecated</strong> since version 6.7.0 with no alternative available. in /home/customer/www/naturalization199.com/public_html/wp-includes/functions.php on line 6131
[24-Jan-2026 04:25:20 UTC] PHP Deprecated:  Function wp_targeted_link_rel is <strong>deprecated</strong> since version 6.7.0 with no alternative available. in /home/customer/www/naturalization199.com/public_html/wp-includes/functions.php on line 6131
[24-Jan-2026 04:25:20 UTC] PHP Deprecated:  Function wp_targeted_link_rel_callback is <strong>deprecated</strong> since version 6.7.0 with no alternative available. in /home/customer/www/naturalization199.com/public_html/wp-includes/functions.php on line 6131
[24-Jan-2026 04:26:07 UTC] PHP Deprecated:  Function wp_targeted_link_rel is <strong>deprecated</strong> since version 6.7.0 with no alternative available. in /home/customer/www/naturalization199.com/public_html/wp-includes/functions.php on line 6131
[24-Jan-2026 04:26:07 UTC] PHP Deprecated:  Function wp_targeted_link_rel_callback is <strong>deprecated</strong> since version 6.7.0 with no alternative available. in /home/customer/www/naturalization199.com/public_html/wp-includes/functions.php on line 6131
[24-Jan-2026 04:26:26 UTC] NME Application activated successfully - Version 2.0.0
[24-Jan-2026 04:26:30 UTC] PHP Deprecated:  Function wp_targeted_link_rel is <strong>deprecated</strong> since version 6.7.0 with no alternative available. in /home/customer/www/naturalization199.com/public_html/wp-includes/functions.php on line 6131
[24-Jan-2026 04:26:30 UTC] PHP Deprecated:  Function wp_targeted_link_rel_callback is <strong>deprecated</strong> since version 6.7.0 with no alternative available. in /home/customer/www/naturalization199.com/public_html/wp-includes/functions.php on line 6131
[24-Jan-2026 04:36:11 UTC] NME Application plugin deactivated
[24-Jan-2026 04:36:46 UTC] PHP Deprecated:  Function wp_targeted_link_rel is <strong>deprecated</strong> since version 6.7.0 with no alternative available. in /home/customer/www/naturalization199.com/public_html/wp-includes/functions.php on line 6131
[24-Jan-2026 04:36:46 UTC] PHP Deprecated:  Function wp_targeted_link_rel_callback is <strong>deprecated</strong> since version 6.7.0 with no alternative available. in /home/customer/www/naturalization199.com/public_html/wp-includes/functions.php on line 6131
[24-Jan-2026 04:36:47 UTC] PHP Deprecated:  Function wp_targeted_link_rel is <strong>deprecated</strong> since version 6.7.0 with no alternative available. in /home/customer/www/naturalization199.com/public_html/wp-includes/functions.php on line 6131
[24-Jan-2026 04:36:47 UTC] PHP Deprecated:  Function wp_targeted_link_rel_callback is <strong>deprecated</strong> since version 6.7.0 with no alternative available. in /home/customer/www/naturalization199.com/public_html/wp-includes/functions.php on line 6131
[24-Jan-2026 04:36:47 UTC] PHP Deprecated:  Function wp_targeted_link_rel is <strong>deprecated</strong> since version 6.7.0 with no alternative available. in /home/customer/www/naturalization199.com/public_html/wp-includes/functions.php on line 6131
[24-Jan-2026 04:36:47 UTC] PHP Deprecated:  Function wp_targeted_link_rel_callback is <strong>deprecated</strong> since version 6.7.0 with no alternative available. in /home/customer/www/naturalization199.com/public_html/wp-includes/functions.php on line 6131
[24-Jan-2026 04:36:54 UTC] PHP Deprecated:  Function wp_targeted_link_rel is <strong>deprecated</strong> since version 6.7.0 with no alternative available. in /home/customer/www/naturalization199.com/public_html/wp-includes/functions.php on line 6131
[24-Jan-2026 04:36:54 UTC] PHP Deprecated:  Function wp_targeted_link_rel_callback is <strong>deprecated</strong> since version 6.7.0 with no alternative available. in /home/customer/www/naturalization199.com/public_html/wp-includes/functions.php on line 6131
[24-Jan-2026 04:36:58 UTC] PHP Deprecated:  Function wp_targeted_link_rel is <strong>deprecated</strong> since version 6.7.0 with no alternative available. in /home/customer/www/naturalization199.com/public_html/wp-includes/functions.php on line 6131
[24-Jan-2026 04:36:58 UTC] PHP Deprecated:  Function wp_targeted_link_rel_callback is <strong>deprecated</strong> since version 6.7.0 with no alternative available. in /home/customer/www/naturalization199.com/public_html/wp-includes/functions.php on line 6131
[24-Jan-2026 04:43:25 UTC] PHP Deprecated:  Function wp_targeted_link_rel is <strong>deprecated</strong> since version 6.7.0 with no alternative available. in /home/customer/www/naturalization199.com/public_html/wp-includes/functions.php on line 6131
[24-Jan-2026 04:43:25 UTC] PHP Deprecated:  Function wp_targeted_link_rel_callback is <strong>deprecated</strong> since version 6.7.0 with no alternative available. in /home/customer/www/naturalization199.com/public_html/wp-includes/functions.php on line 6131
[24-Jan-2026 04:43:34 UTC] PHP Deprecated:  Function wp_targeted_link_rel is <strong>deprecated</strong> since version 6.7.0 with no alternative available. in /home/customer/www/naturalization199.com/public_html/wp-includes/functions.php on line 6131
[24-Jan-2026 04:43:34 UTC] PHP Deprecated:  Function wp_targeted_link_rel_callback is <strong>deprecated</strong> since version 6.7.0 with no alternative available. in /home/customer/www/naturalization199.com/public_html/wp-includes/functions.php on line 6131
[24-Jan-2026 04:43:35 UTC] PHP Deprecated:  Function wp_targeted_link_rel is <strong>deprecated</strong> since version 6.7.0 with no alternative available. in /home/customer/www/naturalization199.com/public_html/wp-includes/functions.php on line 6131
[24-Jan-2026 04:43:35 UTC] PHP Deprecated:  Function wp_targeted_link_rel_callback is <strong>deprecated</strong> since version 6.7.0 with no alternative available. in /home/customer/www/naturalization199.com/public_html/wp-includes/functions.php on line 6131
[24-Jan-2026 04:43:35 UTC] PHP Deprecated:  Function wp_targeted_link_rel is <strong>deprecated</strong> since version 6.7.0 with no alternative available. in /home/customer/www/naturalization199.com/public_html/wp-includes/functions.php on line 6131
[24-Jan-2026 04:43:35 UTC] PHP Deprecated:  Function wp_targeted_link_rel_callback is <strong>deprecated</strong> since version 6.7.0 with no alternative available. in /home/customer/www/naturalization199.com/public_html/wp-includes/functions.php on line 6131
[24-Jan-2026 04:43:43 UTC] PHP Deprecated:  Function wp_targeted_link_rel is <strong>deprecated</strong> since version 6.7.0 with no alternative available. in /home/customer/www/naturalization199.com/public_html/wp-includes/functions.php on line 6131
[24-Jan-2026 04:43:43 UTC] PHP Deprecated:  Function wp_targeted_link_rel_callback is <strong>deprecated</strong> since version 6.7.0 with no alternative available. in /home/customer/www/naturalization199.com/public_html/wp-includes/functions.php on line 6131
[24-Jan-2026 04:44:22 UTC] PHP Deprecated:  Function wp_targeted_link_rel is <strong>deprecated</strong> since version 6.7.0 with no alternative available. in /home/customer/www/naturalization199.com/public_html/wp-includes/functions.php on line 6131
[24-Jan-2026 04:44:22 UTC] PHP Deprecated:  Function wp_targeted_link_rel_callback is <strong>deprecated</strong> since version 6.7.0 with no alternative available. in /home/customer/www/naturalization199.com/public_html/wp-includes/functions.php on line 6131
[24-Jan-2026 04:45:12 UTC] PHP Deprecated:  strlen(): Passing null to parameter #1 ($string) of type string is deprecated in /home/customer/www/naturalization199.com/public_html/wp-content/plugins/gravityforms/common.php on line 1777
[24-Jan-2026 04:45:13 UTC] PHP Deprecated:  Function wp_targeted_link_rel is <strong>deprecated</strong> since version 6.7.0 with no alternative available. in /home/customer/www/naturalization199.com/public_html/wp-includes/functions.php on line 6131
[24-Jan-2026 04:45:13 UTC] PHP Deprecated:  Function wp_targeted_link_rel_callback is <strong>deprecated</strong> since version 6.7.0 with no alternative available. in /home/customer/www/naturalization199.com/public_html/wp-includes/functions.php on line 6131
