[24-Jan-2026 02:30:37 UTC] PHP Fatal error:  Uncaught Error: Undefined constant NME\Core\FieldRegistry\FieldRegistry::PAGE_RES_DASHBOARD_1 in /home/customer/www/naturalization199.com/public_html/wp-content/plugins/nme-platform/modules/features/navigation/class-navigation.php:64
Stack trace:
#0 /home/customer/www/naturalization199.com/public_html/wp-content/plugins/nme-platform/modules/features/navigation/class-navigation.php(26): NME\Features\Navigation\Navigation::register_default_configs()
#1 /home/customer/www/naturalization199.com/public_html/wp-content/plugins/nme-platform/modules/features/navigation/module.php(20): NME\Features\Navigation\Navigation::init()
#2 [internal function]: NME\Core\ModuleLoader::NME\Features\Navigation\{closure}()
#3 /home/customer/www/naturalization199.com/public_html/wp-content/plugins/nme-platform/includes/class-module-loader.php(121): call_user_func(Object(Closure))
#4 /home/customer/www/naturalization199.com/public_html/wp-content/plugins/nme-platform/includes/class-module-loader.php(29): NME\Core\ModuleLoader::load_modules()
#5 /home/customer/www/naturalization199.com/public_html/wp-content/plugins/nme-platform/includes/class-plugin.php(29): NME\Core\ModuleLoader::init()
#6 /home/customer/www/naturalization199.com/public_html/wp-content/plugins/nme-platform/nme-platform.php(26): NME\Core\Plugin::init()
#7 /home/customer/www/naturalization199.com/public_html/wp-includes/class-wp-hook.php(341): {closure}('')
#8 /home/customer/www/naturalization199.com/public_html/wp-includes/class-wp-hook.php(365): WP_Hook->apply_filters(NULL, Array)
#9 /home/customer/www/naturalization199.com/public_html/wp-includes/plugin.php(522): WP_Hook->do_action(Array)
#10 /home/customer/www/naturalization199.com/public_html/wp-settings.php(593): do_action('plugins_loaded')
#11 /home/customer/www/naturalization199.com/public_html/wp-config.php(105): require_once('/home/customer/...')
#12 /home/customer/www/naturalization199.com/public_html/wp-load.php(50): require_once('/home/customer/...')
#13 /home/customer/www/naturalization199.com/public_html/wp-admin/admin.php(35): require_once('/home/customer/...')
#14 {main}
  thrown in /home/customer/www/naturalization199.com/public_html/wp-content/plugins/nme-platform/modules/features/navigation/class-navigation.php on line 64
[24-Jan-2026 02:31:02 UTC] PHP Fatal error:  Uncaught Error: Undefined constant NME\Core\FieldRegistry\FieldRegistry::PAGE_RES_DASHBOARD_1 in /home/customer/www/naturalization199.com/public_html/wp-content/plugins/nme-platform/modules/features/navigation/class-navigation.php:64
Stack trace:
#0 /home/customer/www/naturalization199.com/public_html/wp-content/plugins/nme-platform/modules/features/navigation/class-navigation.php(26): NME\Features\Navigation\Navigation::register_default_configs()
#1 /home/customer/www/naturalization199.com/public_html/wp-content/plugins/nme-platform/modules/features/navigation/module.php(20): NME\Features\Navigation\Navigation::init()
#2 [internal function]: NME\Core\ModuleLoader::NME\Features\Navigation\{closure}()
#3 /home/customer/www/naturalization199.com/public_html/wp-content/plugins/nme-platform/includes/class-module-loader.php(121): call_user_func(Object(Closure))
#4 /home/customer/www/naturalization199.com/public_html/wp-content/plugins/nme-platform/includes/class-module-loader.php(29): NME\Core\ModuleLoader::load_modules()
#5 /home/customer/www/naturalization199.com/public_html/wp-content/plugins/nme-platform/includes/class-plugin.php(29): NME\Core\ModuleLoader::init()
#6 /home/customer/www/naturalization199.com/public_html/wp-content/plugins/nme-platform/nme-platform.php(26): NME\Core\Plugin::init()
#7 /home/customer/www/naturalization199.com/public_html/wp-includes/class-wp-hook.php(341): {closure}('')
#8 /home/customer/www/naturalization199.com/public_html/wp-includes/class-wp-hook.php(365): WP_Hook->apply_filters(NULL, Array)
#9 /home/customer/www/naturalization199.com/public_html/wp-includes/plugin.php(522): WP_Hook->do_action(Array)
#10 /home/customer/www/naturalization199.com/public_html/wp-settings.php(593): do_action('plugins_loaded')
#11 /home/customer/www/naturalization199.com/public_html/wp-config.php(105): require_once('/home/customer/...')
#12 /home/customer/www/naturalization199.com/public_html/wp-load.php(50): require_once('/home/customer/...')
#13 /home/customer/www/naturalization199.com/public_html/wp-admin/admin.php(35): require_once('/home/customer/...')
#14 {main}
  thrown in /home/customer/www/naturalization199.com/public_html/wp-content/plugins/nme-platform/modules/features/navigation/class-navigation.php on line 64
[24-Jan-2026 02:31:02 UTC] PHP Fatal error:  Uncaught Error: Undefined constant NME\Core\FieldRegistry\FieldRegistry::PAGE_RES_DASHBOARD_1 in /home/customer/www/naturalization199.com/public_html/wp-content/plugins/nme-platform/modules/features/navigation/class-navigation.php:64
Stack trace:
#0 /home/customer/www/naturalization199.com/public_html/wp-content/plugins/nme-platform/modules/features/navigation/class-navigation.php(26): NME\Features\Navigation\Navigation::register_default_configs()
#1 /home/customer/www/naturalization199.com/public_html/wp-content/plugins/nme-platform/modules/features/navigation/module.php(20): NME\Features\Navigation\Navigation::init()
#2 [internal function]: NME\Core\ModuleLoader::NME\Features\Navigation\{closure}()
#3 /home/customer/www/naturalization199.com/public_html/wp-content/plugins/nme-platform/includes/class-module-loader.php(121): call_user_func(Object(Closure))
#4 /home/customer/www/naturalization199.com/public_html/wp-content/plugins/nme-platform/includes/class-module-loader.php(29): NME\Core\ModuleLoader::load_modules()
#5 /home/customer/www/naturalization199.com/public_html/wp-content/plugins/nme-platform/includes/class-plugin.php(29): NME\Core\ModuleLoader::init()
#6 /home/customer/www/naturalization199.com/public_html/wp-content/plugins/nme-platform/nme-platform.php(26): NME\Core\Plugin::init()
#7 /home/customer/www/naturalization199.com/public_html/wp-includes/class-wp-hook.php(341): {closure}('')
#8 /home/customer/www/naturalization199.com/public_html/wp-includes/class-wp-hook.php(365): WP_Hook->apply_filters(NULL, Array)
#9 /home/customer/www/naturalization199.com/public_html/wp-includes/plugin.php(522): WP_Hook->do_action(Array)
#10 /home/customer/www/naturalization199.com/public_html/wp-settings.php(593): do_action('plugins_loaded')
#11 /home/customer/www/naturalization199.com/public_html/wp-config.php(105): require_once('/home/customer/...')
#12 /home/customer/www/naturalization199.com/public_html/wp-load.php(50): require_once('/home/customer/...')
#13 /home/customer/www/naturalization199.com/public_html/wp-blog-header.php(13): require_once('/home/customer/...')
#14 /home/customer/www/naturalization199.com/public_html/index.php(17): require('/home/customer/...')
#15 {main}
  thrown in /home/customer/www/naturalization199.com/public_html/wp-content/plugins/nme-platform/modules/features/navigation/class-navigation.php on line 64
[24-Jan-2026 02:31:05 UTC] PHP Fatal error:  Uncaught Error: Undefined constant NME\Core\FieldRegistry\FieldRegistry::PAGE_RES_DASHBOARD_1 in /home/customer/www/naturalization199.com/public_html/wp-content/plugins/nme-platform/modules/features/navigation/class-navigation.php:64
Stack trace:
#0 /home/customer/www/naturalization199.com/public_html/wp-content/plugins/nme-platform/modules/features/navigation/class-navigation.php(26): NME\Features\Navigation\Navigation::register_default_configs()
#1 /home/customer/www/naturalization199.com/public_html/wp-content/plugins/nme-platform/modules/features/navigation/module.php(20): NME\Features\Navigation\Navigation::init()
#2 [internal function]: NME\Core\ModuleLoader::NME\Features\Navigation\{closure}()
#3 /home/customer/www/naturalization199.com/public_html/wp-content/plugins/nme-platform/includes/class-module-loader.php(121): call_user_func(Object(Closure))
#4 /home/customer/www/naturalization199.com/public_html/wp-content/plugins/nme-platform/includes/class-module-loader.php(29): NME\Core\ModuleLoader::load_modules()
#5 /home/customer/www/naturalization199.com/public_html/wp-content/plugins/nme-platform/includes/class-plugin.php(29): NME\Core\ModuleLoader::init()
#6 /home/customer/www/naturalization199.com/public_html/wp-content/plugins/nme-platform/nme-platform.php(26): NME\Core\Plugin::init()
#7 /home/customer/www/naturalization199.com/public_html/wp-includes/class-wp-hook.php(341): {closure}('')
#8 /home/customer/www/naturalization199.com/public_html/wp-includes/class-wp-hook.php(365): WP_Hook->apply_filters(NULL, Array)
#9 /home/customer/www/naturalization199.com/public_html/wp-includes/plugin.php(522): WP_Hook->do_action(Array)
#10 /home/customer/www/naturalization199.com/public_html/wp-settings.php(593): do_action('plugins_loaded')
#11 /home/customer/www/naturalization199.com/public_html/wp-config.php(105): require_once('/home/customer/...')
#12 /home/customer/www/naturalization199.com/public_html/wp-load.php(50): require_once('/home/customer/...')
#13 /home/customer/www/naturalization199.com/public_html/wp-admin/admin.php(35): require_once('/home/customer/...')
#14 /home/customer/www/naturalization199.com/public_html/wp-admin/plugins.php(10): require_once('/home/customer/...')
#15 {main}
  thrown in /home/customer/www/naturalization199.com/public_html/wp-content/plugins/nme-platform/modules/features/navigation/class-navigation.php on line 64
[24-Jan-2026 02:31:05 UTC] PHP Fatal error:  Uncaught Error: Undefined constant NME\Core\FieldRegistry\FieldRegistry::PAGE_RES_DASHBOARD_1 in /home/customer/www/naturalization199.com/public_html/wp-content/plugins/nme-platform/modules/features/navigation/class-navigation.php:64
Stack trace:
#0 /home/customer/www/naturalization199.com/public_html/wp-content/plugins/nme-platform/modules/features/navigation/class-navigation.php(26): NME\Features\Navigation\Navigation::register_default_configs()
#1 /home/customer/www/naturalization199.com/public_html/wp-content/plugins/nme-platform/modules/features/navigation/module.php(20): NME\Features\Navigation\Navigation::init()
#2 [internal function]: NME\Core\ModuleLoader::NME\Features\Navigation\{closure}()
#3 /home/customer/www/naturalization199.com/public_html/wp-content/plugins/nme-platform/includes/class-module-loader.php(121): call_user_func(Object(Closure))
#4 /home/customer/www/naturalization199.com/public_html/wp-content/plugins/nme-platform/includes/class-module-loader.php(29): NME\Core\ModuleLoader::load_modules()
#5 /home/customer/www/naturalization199.com/public_html/wp-content/plugins/nme-platform/includes/class-plugin.php(29): NME\Core\ModuleLoader::init()
#6 /home/customer/www/naturalization199.com/public_html/wp-content/plugins/nme-platform/nme-platform.php(26): NME\Core\Plugin::init()
#7 /home/customer/www/naturalization199.com/public_html/wp-includes/class-wp-hook.php(341): {closure}('')
#8 /home/customer/www/naturalization199.com/public_html/wp-includes/class-wp-hook.php(365): WP_Hook->apply_filters(NULL, Array)
#9 /home/customer/www/naturalization199.com/public_html/wp-includes/plugin.php(522): WP_Hook->do_action(Array)
#10 /home/customer/www/naturalization199.com/public_html/wp-settings.php(593): do_action('plugins_loaded')
#11 /home/customer/www/naturalization199.com/public_html/wp-config.php(105): require_once('/home/customer/...')
#12 /home/customer/www/naturalization199.com/public_html/wp-load.php(50): require_once('/home/customer/...')
#13 /home/customer/www/naturalization199.com/public_html/wp-blog-header.php(13): require_once('/home/customer/...')
#14 /home/customer/www/naturalization199.com/public_html/index.php(17): require('/home/customer/...')
#15 {main}
  thrown in /home/customer/www/naturalization199.com/public_html/wp-content/plugins/nme-platform/modules/features/navigation/class-navigation.php on line 64
[24-Jan-2026 02:31:07 UTC] PHP Fatal error:  Uncaught Error: Undefined constant NME\Core\FieldRegistry\FieldRegistry::PAGE_RES_DASHBOARD_1 in /home/customer/www/naturalization199.com/public_html/wp-content/plugins/nme-platform/modules/features/navigation/class-navigation.php:64
Stack trace:
#0 /home/customer/www/naturalization199.com/public_html/wp-content/plugins/nme-platform/modules/features/navigation/class-navigation.php(26): NME\Features\Navigation\Navigation::register_default_configs()
#1 /home/customer/www/naturalization199.com/public_html/wp-content/plugins/nme-platform/modules/features/navigation/module.php(20): NME\Features\Navigation\Navigation::init()
#2 [internal function]: NME\Core\ModuleLoader::NME\Features\Navigation\{closure}()
#3 /home/customer/www/naturalization199.com/public_html/wp-content/plugins/nme-platform/includes/class-module-loader.php(121): call_user_func(Object(Closure))
#4 /home/customer/www/naturalization199.com/public_html/wp-content/plugins/nme-platform/includes/class-module-loader.php(29): NME\Core\ModuleLoader::load_modules()
#5 /home/customer/www/naturalization199.com/public_html/wp-content/plugins/nme-platform/includes/class-plugin.php(29): NME\Core\ModuleLoader::init()
#6 /home/customer/www/naturalization199.com/public_html/wp-content/plugins/nme-platform/nme-platform.php(26): NME\Core\Plugin::init()
#7 /home/customer/www/naturalization199.com/public_html/wp-includes/class-wp-hook.php(341): {closure}('')
#8 /home/customer/www/naturalization199.com/public_html/wp-includes/class-wp-hook.php(365): WP_Hook->apply_filters(NULL, Array)
#9 /home/customer/www/naturalization199.com/public_html/wp-includes/plugin.php(522): WP_Hook->do_action(Array)
#10 /home/customer/www/naturalization199.com/public_html/wp-settings.php(593): do_action('plugins_loaded')
#11 /home/customer/www/naturalization199.com/public_html/wp-config.php(105): require_once('/home/customer/...')
#12 /home/customer/www/naturalization199.com/public_html/wp-load.php(50): require_once('/home/customer/...')
#13 /home/customer/www/naturalization199.com/public_html/wp-admin/admin.php(35): require_once('/home/customer/...')
#14 /home/customer/www/naturalization199.com/public_html/wp-admin/update.php(16): require_once('/home/customer/...')
#15 {main}
  thrown in /home/customer/www/naturalization199.com/public_html/wp-content/plugins/nme-platform/modules/features/navigation/class-navigation.php on line 64
[24-Jan-2026 02:31:07 UTC] PHP Fatal error:  Uncaught Error: Undefined constant NME\Core\FieldRegistry\FieldRegistry::PAGE_RES_DASHBOARD_1 in /home/customer/www/naturalization199.com/public_html/wp-content/plugins/nme-platform/modules/features/navigation/class-navigation.php:64
Stack trace:
#0 /home/customer/www/naturalization199.com/public_html/wp-content/plugins/nme-platform/modules/features/navigation/class-navigation.php(26): NME\Features\Navigation\Navigation::register_default_configs()
#1 /home/customer/www/naturalization199.com/public_html/wp-content/plugins/nme-platform/modules/features/navigation/module.php(20): NME\Features\Navigation\Navigation::init()
#2 [internal function]: NME\Core\ModuleLoader::NME\Features\Navigation\{closure}()
#3 /home/customer/www/naturalization199.com/public_html/wp-content/plugins/nme-platform/includes/class-module-loader.php(121): call_user_func(Object(Closure))
#4 /home/customer/www/naturalization199.com/public_html/wp-content/plugins/nme-platform/includes/class-module-loader.php(29): NME\Core\ModuleLoader::load_modules()
#5 /home/customer/www/naturalization199.com/public_html/wp-content/plugins/nme-platform/includes/class-plugin.php(29): NME\Core\ModuleLoader::init()
#6 /home/customer/www/naturalization199.com/public_html/wp-content/plugins/nme-platform/nme-platform.php(26): NME\Core\Plugin::init()
#7 /home/customer/www/naturalization199.com/public_html/wp-includes/class-wp-hook.php(341): {closure}('')
#8 /home/customer/www/naturalization199.com/public_html/wp-includes/class-wp-hook.php(365): WP_Hook->apply_filters(NULL, Array)
#9 /home/customer/www/naturalization199.com/public_html/wp-includes/plugin.php(522): WP_Hook->do_action(Array)
#10 /home/customer/www/naturalization199.com/public_html/wp-settings.php(593): do_action('plugins_loaded')
#11 /home/customer/www/naturalization199.com/public_html/wp-config.php(105): require_once('/home/customer/...')
#12 /home/customer/www/naturalization199.com/public_html/wp-load.php(50): require_once('/home/customer/...')
#13 /home/customer/www/naturalization199.com/public_html/wp-blog-header.php(13): require_once('/home/customer/...')
#14 /home/customer/www/naturalization199.com/public_html/index.php(17): require('/home/customer/...')
#15 {main}
  thrown in /home/customer/www/naturalization199.com/public_html/wp-content/plugins/nme-platform/modules/features/navigation/class-navigation.php on line 64
[24-Jan-2026 02:31:14 UTC] PHP Fatal error:  Uncaught Error: Undefined constant NME\Core\FieldRegistry\FieldRegistry::PAGE_RES_DASHBOARD_1 in /home/customer/www/naturalization199.com/public_html/wp-content/plugins/nme-platform/modules/features/navigation/class-navigation.php:64
Stack trace:
#0 /home/customer/www/naturalization199.com/public_html/wp-content/plugins/nme-platform/modules/features/navigation/class-navigation.php(26): NME\Features\Navigation\Navigation::register_default_configs()
#1 /home/customer/www/naturalization199.com/public_html/wp-content/plugins/nme-platform/modules/features/navigation/module.php(20): NME\Features\Navigation\Navigation::init()
#2 [internal function]: NME\Core\ModuleLoader::NME\Features\Navigation\{closure}()
#3 /home/customer/www/naturalization199.com/public_html/wp-content/plugins/nme-platform/includes/class-module-loader.php(121): call_user_func(Object(Closure))
#4 /home/customer/www/naturalization199.com/public_html/wp-content/plugins/nme-platform/includes/class-module-loader.php(29): NME\Core\ModuleLoader::load_modules()
#5 /home/customer/www/naturalization199.com/public_html/wp-content/plugins/nme-platform/includes/class-plugin.php(29): NME\Core\ModuleLoader::init()
#6 /home/customer/www/naturalization199.com/public_html/wp-content/plugins/nme-platform/nme-platform.php(26): NME\Core\Plugin::init()
#7 /home/customer/www/naturalization199.com/public_html/wp-includes/class-wp-hook.php(341): {closure}('')
#8 /home/customer/www/naturalization199.com/public_html/wp-includes/class-wp-hook.php(365): WP_Hook->apply_filters(NULL, Array)
#9 /home/customer/www/naturalization199.com/public_html/wp-includes/plugin.php(522): WP_Hook->do_action(Array)
#10 /home/customer/www/naturalization199.com/public_html/wp-settings.php(593): do_action('plugins_loaded')
#11 /home/customer/www/naturalization199.com/public_html/wp-config.php(105): require_once('/home/customer/...')
#12 /home/customer/www/naturalization199.com/public_html/wp-load.php(50): require_once('/home/customer/...')
#13 /home/customer/www/naturalization199.com/public_html/wp-admin/admin.php(35): require_once('/home/customer/...')
#14 /home/customer/www/naturalization199.com/public_html/wp-admin/index.php(10): require_once('/home/customer/...')
#15 {main}
  thrown in /home/customer/www/naturalization199.com/public_html/wp-content/plugins/nme-platform/modules/features/navigation/class-navigation.php on line 64
[24-Jan-2026 02:31:14 UTC] PHP Fatal error:  Uncaught Error: Undefined constant NME\Core\FieldRegistry\FieldRegistry::PAGE_RES_DASHBOARD_1 in /home/customer/www/naturalization199.com/public_html/wp-content/plugins/nme-platform/modules/features/navigation/class-navigation.php:64
Stack trace:
#0 /home/customer/www/naturalization199.com/public_html/wp-content/plugins/nme-platform/modules/features/navigation/class-navigation.php(26): NME\Features\Navigation\Navigation::register_default_configs()
#1 /home/customer/www/naturalization199.com/public_html/wp-content/plugins/nme-platform/modules/features/navigation/module.php(20): NME\Features\Navigation\Navigation::init()
#2 [internal function]: NME\Core\ModuleLoader::NME\Features\Navigation\{closure}()
#3 /home/customer/www/naturalization199.com/public_html/wp-content/plugins/nme-platform/includes/class-module-loader.php(121): call_user_func(Object(Closure))
#4 /home/customer/www/naturalization199.com/public_html/wp-content/plugins/nme-platform/includes/class-module-loader.php(29): NME\Core\ModuleLoader::load_modules()
#5 /home/customer/www/naturalization199.com/public_html/wp-content/plugins/nme-platform/includes/class-plugin.php(29): NME\Core\ModuleLoader::init()
#6 /home/customer/www/naturalization199.com/public_html/wp-content/plugins/nme-platform/nme-platform.php(26): NME\Core\Plugin::init()
#7 /home/customer/www/naturalization199.com/public_html/wp-includes/class-wp-hook.php(341): {closure}('')
#8 /home/customer/www/naturalization199.com/public_html/wp-includes/class-wp-hook.php(365): WP_Hook->apply_filters(NULL, Array)
#9 /home/customer/www/naturalization199.com/public_html/wp-includes/plugin.php(522): WP_Hook->do_action(Array)
#10 /home/customer/www/naturalization199.com/public_html/wp-settings.php(593): do_action('plugins_loaded')
#11 /home/customer/www/naturalization199.com/public_html/wp-config.php(105): require_once('/home/customer/...')
#12 /home/customer/www/naturalization199.com/public_html/wp-load.php(50): require_once('/home/customer/...')
#13 /home/customer/www/naturalization199.com/public_html/wp-blog-header.php(13): require_once('/home/customer/...')
#14 /home/customer/www/naturalization199.com/public_html/index.php(17): require('/home/customer/...')
#15 {main}
  thrown in /home/customer/www/naturalization199.com/public_html/wp-content/plugins/nme-platform/modules/features/navigation/class-navigation.php on line 64
